2025-09-15 17:17:05,070 [INFO] Logging to /home/qtrap/sciborg_dev/UI_qtrap/react-agent/src/react_agent/data/logs/worklist/worklist_20250915.log
2025-09-15 17:17:24,494 [INFO] Generated aggregated worklist: /home/qtrap/sciborg_dev/UI_qtrap/react-agent/src/react_agent/data/worklist/generated/worklist_20250915_517pm.csv
2025-09-15 17:17:25,496 [DEBUG] Server copy failed:
Traceback (most recent call last):
  File "/home/qtrap/anaconda3/envs/qtrap_graph/lib/python3.11/site-packages/blockbuster/blockbuster.py", line 78, in wrapper
    asyncio.get_running_loop()
RuntimeError: no running event loop

During handling of the above exception, another exception occurred:

Traceback (most recent call last):
  File "/home/qtrap/sciborg_dev/UI_qtrap/react-agent/./src/react_agent/Q_worklist.py", line 237, in generate_worklist
    os.makedirs(SERVER_OUTPUT_DIR, exist_ok=True)
  File "<frozen os>", line 215, in makedirs
  File "<frozen os>", line 215, in makedirs
  File "<frozen os>", line 215, in makedirs
  [Previous line repeated 1 more time]
  File "<frozen os>", line 225, in makedirs
  File "/home/qtrap/anaconda3/envs/qtrap_graph/lib/python3.11/site-packages/blockbuster/blockbuster.py", line 80, in wrapper
    return func(*args, **kwargs)
           ^^^^^^^^^^^^^^^^^^^^^
PermissionError: [Errno 13] Permission denied: '/mnt/d_drive/Analyst Data'

2025-09-15 17:18:22,567 [INFO] Generated aggregated worklist: /home/qtrap/sciborg_dev/UI_qtrap/react-agent/src/react_agent/data/worklist/generated/worklist_20250915_518pm.csv
2025-09-15 17:18:23,568 [DEBUG] Server copy failed:
Traceback (most recent call last):
  File "/home/qtrap/anaconda3/envs/qtrap_graph/lib/python3.11/site-packages/blockbuster/blockbuster.py", line 78, in wrapper
    asyncio.get_running_loop()
RuntimeError: no running event loop

During handling of the above exception, another exception occurred:

Traceback (most recent call last):
  File "/home/qtrap/sciborg_dev/UI_qtrap/react-agent/./src/react_agent/Q_worklist.py", line 237, in generate_worklist
    os.makedirs(SERVER_OUTPUT_DIR, exist_ok=True)
  File "<frozen os>", line 215, in makedirs
  File "<frozen os>", line 215, in makedirs
  File "<frozen os>", line 215, in makedirs
  [Previous line repeated 1 more time]
  File "<frozen os>", line 225, in makedirs
  File "/home/qtrap/anaconda3/envs/qtrap_graph/lib/python3.11/site-packages/blockbuster/blockbuster.py", line 80, in wrapper
    return func(*args, **kwargs)
           ^^^^^^^^^^^^^^^^^^^^^
PermissionError: [Errno 13] Permission denied: '/mnt/d_drive/Analyst Data'

2025-09-15 17:22:22,669 [INFO] Generated aggregated worklist: /home/qtrap/sciborg_dev/UI_qtrap/react-agent/src/react_agent/data/worklist/generated/worklist_20250915_522pm.csv
2025-09-15 17:22:23,695 [INFO] Copied to server output: /mnt/d_drive/Analyst Data/Projects/API Instrument/Batch/QTRAP_worklist
2025-09-15 17:29:40,716 [INFO] Generated aggregated worklist: /home/qtrap/sciborg_dev/UI_qtrap/react-agent/src/react_agent/data/worklist/generated/worklist_20250915_529pm.csv
2025-09-15 17:29:41,744 [INFO] Copied to server output: /mnt/d_drive/Analyst Data/Projects/API Instrument/Batch/QTRAP_worklist
2025-09-15 17:30:28,368 [INFO] Generated aggregated worklist: /home/qtrap/sciborg_dev/UI_qtrap/react-agent/src/react_agent/data/worklist/generated/worklist_20250915_530pm.csv
2025-09-15 17:30:29,396 [INFO] Copied to server output: /mnt/d_drive/Analyst Data/Projects/API Instrument/Batch/QTRAP_worklist
2025-09-15 17:33:32,299 [INFO] Generated aggregated worklist: /home/qtrap/sciborg_dev/UI_qtrap/react-agent/src/react_agent/data/worklist/generated/worklist_20250915_533pm.csv
2025-09-15 17:33:33,326 [INFO] Copied to server output: /mnt/d_drive/Analyst Data/Projects/API Instrument/Batch/QTRAP_worklist
