2025-06-10 17:26:30,038 [INFO] Logging to /home/qtrap/sciborg_dev/UI_qtrap/react-agent/src/react_agent/data/logs/worklist/worklist_20250610.log
2025-06-10 17:26:38,238 [INFO] Generated aggregated worklist: /home/qtrap/sciborg_dev/UI_qtrap/react-agent/src/react_agent/data/worklist/generated/worklist_20250610_526pm.csv
2025-06-10 17:26:39,239 [DEBUG] Server copy failed:
Traceback (most recent call last):
  File "/home/qtrap/anaconda3/envs/qtrap_graph/lib/python3.11/site-packages/blockbuster/blockbuster.py", line 78, in wrapper
    asyncio.get_running_loop()
RuntimeError: no running event loop

During handling of the above exception, another exception occurred:

Traceback (most recent call last):
  File "/home/qtrap/sciborg_dev/UI_qtrap/react-agent/./src/react_agent/Q_worklist.py", line 155, in generate_worklist
    os.makedirs(SERVER_OUTPUT_DIR, exist_ok=True)
  File "<frozen os>", line 215, in makedirs
  File "<frozen os>", line 215, in makedirs
  File "<frozen os>", line 215, in makedirs
  [Previous line repeated 1 more time]
  File "<frozen os>", line 225, in makedirs
  File "/home/qtrap/anaconda3/envs/qtrap_graph/lib/python3.11/site-packages/blockbuster/blockbuster.py", line 80, in wrapper
    return func(*args, **kwargs)
           ^^^^^^^^^^^^^^^^^^^^^
PermissionError: [Errno 13] Permission denied: '/mnt/d_drive/Analyst Data'

